<?xml version="1.0" encoding="UTF-8"?>
<!-- Generated by org.testng.reporters.JUnitReportReporter -->
<testsuite hostname="MX-IT03809" failures="0" tests="2" name="HelloWorld" time="54.780" errors="0" timestamp="2022-08-18T14:16:43 CDT" skipped="0">
  <testcase classname="HelloWorld" name="normal" time="11.217"/>
  <system-out/>
  <testcase classname="HelloWorld" name="selfHealing" time="43.563"/>
  <system-out/>
</testsuite> <!-- HelloWorld -->
